truckster/build/outputs/logs/manifest-merger-debug-report.txt
-- Merging decision tree log ---
manifest
ADDED from src\main\AndroidManifest.xml:23:1-57:12
	package
		ADDED from src\main\AndroidManifest.xml:24:2-40
		INJECTED from src\main\AndroidManifest.xml
		INJECTED from src\main\AndroidManifest.xml
	android:versionName
		INJECTED from src\main\AndroidManifest.xml
		INJECTED from src\main\AndroidManifest.xml
	xmlns:tools
		ADDED from src\main\AndroidManifest.xml:26:2-48
	xmlns:android
		ADDED from src\main\AndroidManifest.xml:25:2-60
	android:versionCode
		INJECTED from src\main\AndroidManifest.xml
		INJECTED from src\main\AndroidManifest.xml
uses-permission#android.permission.CAMERA
ADDED from src\main\AndroidManifest.xml:28:2-61
	android:name
		ADDED from src\main\AndroidManifest.xml:28:19-59
application
ADDED from src\main\AndroidManifest.xml:30:2-55:16
MERGED from [vcs-testing:agapi:unspecified] AndroidManifest.xml:11:5-14:19
MERGED from [com.android.support:appcompat-v7:23.2.1] AndroidManifest.xml:25:5-20
MERGED from [com.android.support:animated-vector-drawable:23.2.1] AndroidManifest.xml:7:5-20
MERGED from [com.android.support:support-vector-drawable:23.2.1] AndroidManifest.xml:7:5-20
MERGED from [com.android.support:support-v4:23.2.1] AndroidManifest.xml:22:5-20
	android:label
		ADDED from src\main\AndroidManifest.xml:33:3-35
	android:allowBackup
		ADDED from src\main\AndroidManifest.xml:31:3-29
	android:icon
		ADDED from src\main\AndroidManifest.xml:32:3-36
	android:theme
		ADDED from src\main\AndroidManifest.xml:34:3-34
	tools:replace
		ADDED from src\main\AndroidManifest.xml:35:3-31
meta-data#com.augumenta.aip.LicenseKey
ADDED from src\main\AndroidManifest.xml:37:3-39:55
	android:value
		ADDED from src\main\AndroidManifest.xml:39:4-53
	android:name
		ADDED from src\main\AndroidManifest.xml:38:4-47
activity#com.augumenta.demo.truckster.MainActivity
ADDED from src\main\AndroidManifest.xml:41:3-54:14
	android:screenOrientation
		ADDED from src\main\AndroidManifest.xml:45:4-41
	android:label
		ADDED from src\main\AndroidManifest.xml:43:4-36
	android:stateNotNeeded
		ADDED from src\main\AndroidManifest.xml:46:4-33
	android:launchMode
		ADDED from src\main\AndroidManifest.xml:44:4-35
	android:name
		ADDED from src\main\AndroidManifest.xml:42:4-32
intent-filter#android.intent.action.MAIN+android.intent.category.DEFAULT+android.intent.category.LAUNCHER
ADDED from src\main\AndroidManifest.xml:48:4-53:20
action#android.intent.action.MAIN
ADDED from src\main\AndroidManifest.xml:49:5-56
	android:name
		ADDED from src\main\AndroidManifest.xml:49:13-54
category#android.intent.category.DEFAULT
ADDED from src\main\AndroidManifest.xml:51:5-63
	android:name
		ADDED from src\main\AndroidManifest.xml:51:15-61
category#android.intent.category.LAUNCHER
ADDED from src\main\AndroidManifest.xml:52:5-64
	android:name
		ADDED from src\main\AndroidManifest.xml:52:15-62
uses-sdk
INJECTED from src\main\AndroidManifest.xml reason: use-sdk injection requested
MERGED from [vcs-testing:agapi:unspecified] AndroidManifest.xml:7:5-9:41
MERGED from [com.android.support:appcompat-v7:23.2.1] AndroidManifest.xml:21:5-23:78
MERGED from [com.android.support:animated-vector-drawable:23.2.1] AndroidManifest.xml:5:5-44
MERGED from [com.android.support:support-vector-drawable:23.2.1] AndroidManifest.xml:5:5-43
MERGED from [com.android.support:support-v4:23.2.1] AndroidManifest.xml:20:5-43
	tools:overrideLibrary
		ADDED from [com.android.support:appcompat-v7:23.2.1] AndroidManifest.xml:23:9-75
	android:targetSdkVersion
		INJECTED from src\main\AndroidManifest.xml
		INJECTED from src\main\AndroidManifest.xml
	android:minSdkVersion
		INJECTED from src\main\AndroidManifest.xml
		INJECTED from src\main\AndroidManifest.xml